{"uid":"bf23f5b7ccac8acc","name":"test_authToken","fullName":"test_07_token-validation#test_authToken","historyId":"65b3f9127b772ed6a46f6830bed8bb37","time":{"start":1697023097021,"stop":1697023123076,"duration":26055},"status":"broken","statusMessage":"selenium.common.exceptions.TimeoutException: Message: \nStacktrace:\n#0 0x555b08e5cb73 <unknown>\n#1 0x555b08ba5416 <unknown>\n#2 0x555b08be1b4c <unknown>\n#3 0x555b08be1c81 <unknown>\n#4 0x555b08c1c024 <unknown>\n#5 0x555b08c0165d <unknown>\n#6 0x555b08c19b3e <unknown>\n#7 0x555b08c01403 <unknown>\n#8 0x555b08bd5f0a <unknown>\n#9 0x555b08bd6ffe <unknown>\n#10 0x555b08e1dc4e <unknown>\n#11 0x555b08e218f2 <unknown>\n#12 0x555b08e2a870 <unknown>\n#13 0x555b08e22933 <unknown>\n#14 0x555b08df675e <unknown>\n#15 0x555b08e44e48 <unknown>\n#16 0x555b08e44fd7 <unknown>\n#17 0x555b08e54e39 <unknown>\n#18 0x7fa34388bea7 start_thread","statusTrace":"setup = <selenium.webdriver.chrome.webdriver.WebDriver (session=\"0487332cf977dcbe1495af8836f16377\")>\nrequest = <FixtureRequest for <Function test_authToken>>\n\n    def test_authToken(setup, request):\n        driver = request.function.driver\n        server_name = request.function.server_name\n        targetHost = request.function.targetHost\n    \n        wait = WebDriverWait(driver, 15)\n    \n        def wait_for_element(by, selector):\n            element = wait.until(expected_conditions.presence_of_element_located((by, selector)))\n            return element\n    \n    \n        # Creating rule for access all requests\n        wait_for_element(By.XPATH, \"//a[@href='#/rules']\").click()\n        time.sleep(2)\n        wait_for_element(By.XPATH, \"//a[@href='#/rules/create']\").click()\n        wait_for_element(By.NAME, \"name\").send_keys(\"Access all rule-py\")\n        wait_for_element(By.ID, \"profile_id\").click()\n        time.sleep(2)\n        wait_for_element(By.XPATH, \"//li[contains(.,'qa_test')]\").click()\n        time.sleep(2)\n        wait_for_element(By.NAME, \"match.rules.path\").send_keys(\"/\")\n        element = wait_for_element(By.NAME, \"match.response.code\")\n        element.send_keys(Keys.END)\n        length = len(element.get_attribute(\"value\"))\n        element.send_keys(Keys.BACKSPACE * length)\n        element.send_keys(\"305\")\n        wait_for_element(By.NAME, \"match.response.redirect_uri\").send_keys(\"10.43.81.65:3009\")\n        driver.execute_script(\"window.scrollBy(0, document.body.scrollHeight);\")\n        wait_for_element(By.CSS_SELECTOR, \".MuiButton-sizeMedium\").click()\n    \n        # Creating rule for access request with /api\n        wait_for_element(By.XPATH, \"//a[@href='#/rules']\").click()\n        time.sleep(2)\n>       wait_for_element(By.XPATH, \"//a[@href='#/rules/create']\").click()\n\ntest_07_token-validation.py:45: \n_ _ _ _ _ _ _ _ _ _ _ _ _ _ _ _ _ _ _ _ _ _ _ _ _ _ _ _ _ _ _ _ _ _ _ _ _ _ _ _ \ntest_07_token-validation.py:19: in wait_for_element\n    element = wait.until(expected_conditions.presence_of_element_located((by, selector)))\n_ _ _ _ _ _ _ _ _ _ _ _ _ _ _ _ _ _ _ _ _ _ _ _ _ _ _ _ _ _ _ _ _ _ _ _ _ _ _ _ \n\nself = <selenium.webdriver.support.wait.WebDriverWait (session=\"0487332cf977dcbe1495af8836f16377\")>\nmethod = <function presence_of_element_located.<locals>._predicate at 0x7f196aa08e50>\nmessage = ''\n\n    def until(self, method, message: str = \"\"):\n        \"\"\"Calls the method provided with the driver as an argument until the \\\n        return value does not evaluate to ``False``.\n    \n        :param method: callable(WebDriver)\n        :param message: optional message for :exc:`TimeoutException`\n        :returns: the result of the last call to `method`\n        :raises: :exc:`selenium.common.exceptions.TimeoutException` if timeout occurs\n        \"\"\"\n        screen = None\n        stacktrace = None\n    \n        end_time = time.monotonic() + self._timeout\n        while True:\n            try:\n                value = method(self._driver)\n                if value:\n                    return value\n            except self._ignored_exceptions as exc:\n                screen = getattr(exc, \"screen\", None)\n                stacktrace = getattr(exc, \"stacktrace\", None)\n            time.sleep(self._poll)\n            if time.monotonic() > end_time:\n                break\n>       raise TimeoutException(message, screen, stacktrace)\nE       selenium.common.exceptions.TimeoutException: Message: \nE       Stacktrace:\nE       #0 0x555b08e5cb73 <unknown>\nE       #1 0x555b08ba5416 <unknown>\nE       #2 0x555b08be1b4c <unknown>\nE       #3 0x555b08be1c81 <unknown>\nE       #4 0x555b08c1c024 <unknown>\nE       #5 0x555b08c0165d <unknown>\nE       #6 0x555b08c19b3e <unknown>\nE       #7 0x555b08c01403 <unknown>\nE       #8 0x555b08bd5f0a <unknown>\nE       #9 0x555b08bd6ffe <unknown>\nE       #10 0x555b08e1dc4e <unknown>\nE       #11 0x555b08e218f2 <unknown>\nE       #12 0x555b08e2a870 <unknown>\nE       #13 0x555b08e22933 <unknown>\nE       #14 0x555b08df675e <unknown>\nE       #15 0x555b08e44e48 <unknown>\nE       #16 0x555b08e44fd7 <unknown>\nE       #17 0x555b08e54e39 <unknown>\nE       #18 0x7fa34388bea7 start_thread\n\n/usr/local/lib/python3.9/site-packages/selenium/webdriver/support/wait.py:95: TimeoutException","flaky":false,"newFailed":false,"newBroken":false,"newPassed":false,"retriesCount":0,"retriesStatusChange":false,"beforeStages":[{"name":"setup","time":{"start":1697023077272,"stop":1697023097019,"duration":19747},"status":"passed","steps":[],"attachments":[],"parameters":[],"shouldDisplayMessage":false,"stepsCount":0,"attachmentsCount":0,"hasContent":false}],"testStage":{"status":"broken","statusMessage":"selenium.common.exceptions.TimeoutException: Message: \nStacktrace:\n#0 0x555b08e5cb73 <unknown>\n#1 0x555b08ba5416 <unknown>\n#2 0x555b08be1b4c <unknown>\n#3 0x555b08be1c81 <unknown>\n#4 0x555b08c1c024 <unknown>\n#5 0x555b08c0165d <unknown>\n#6 0x555b08c19b3e <unknown>\n#7 0x555b08c01403 <unknown>\n#8 0x555b08bd5f0a <unknown>\n#9 0x555b08bd6ffe <unknown>\n#10 0x555b08e1dc4e <unknown>\n#11 0x555b08e218f2 <unknown>\n#12 0x555b08e2a870 <unknown>\n#13 0x555b08e22933 <unknown>\n#14 0x555b08df675e <unknown>\n#15 0x555b08e44e48 <unknown>\n#16 0x555b08e44fd7 <unknown>\n#17 0x555b08e54e39 <unknown>\n#18 0x7fa34388bea7 start_thread","statusTrace":"setup = <selenium.webdriver.chrome.webdriver.WebDriver (session=\"0487332cf977dcbe1495af8836f16377\")>\nrequest = <FixtureRequest for <Function test_authToken>>\n\n    def test_authToken(setup, request):\n        driver = request.function.driver\n        server_name = request.function.server_name\n        targetHost = request.function.targetHost\n    \n        wait = WebDriverWait(driver, 15)\n    \n        def wait_for_element(by, selector):\n            element = wait.until(expected_conditions.presence_of_element_located((by, selector)))\n            return element\n    \n    \n        # Creating rule for access all requests\n        wait_for_element(By.XPATH, \"//a[@href='#/rules']\").click()\n        time.sleep(2)\n        wait_for_element(By.XPATH, \"//a[@href='#/rules/create']\").click()\n        wait_for_element(By.NAME, \"name\").send_keys(\"Access all rule-py\")\n        wait_for_element(By.ID, \"profile_id\").click()\n        time.sleep(2)\n        wait_for_element(By.XPATH, \"//li[contains(.,'qa_test')]\").click()\n        time.sleep(2)\n        wait_for_element(By.NAME, \"match.rules.path\").send_keys(\"/\")\n        element = wait_for_element(By.NAME, \"match.response.code\")\n        element.send_keys(Keys.END)\n        length = len(element.get_attribute(\"value\"))\n        element.send_keys(Keys.BACKSPACE * length)\n        element.send_keys(\"305\")\n        wait_for_element(By.NAME, \"match.response.redirect_uri\").send_keys(\"10.43.81.65:3009\")\n        driver.execute_script(\"window.scrollBy(0, document.body.scrollHeight);\")\n        wait_for_element(By.CSS_SELECTOR, \".MuiButton-sizeMedium\").click()\n    \n        # Creating rule for access request with /api\n        wait_for_element(By.XPATH, \"//a[@href='#/rules']\").click()\n        time.sleep(2)\n>       wait_for_element(By.XPATH, \"//a[@href='#/rules/create']\").click()\n\ntest_07_token-validation.py:45: \n_ _ _ _ _ _ _ _ _ _ _ _ _ _ _ _ _ _ _ _ _ _ _ _ _ _ _ _ _ _ _ _ _ _ _ _ _ _ _ _ \ntest_07_token-validation.py:19: in wait_for_element\n    element = wait.until(expected_conditions.presence_of_element_located((by, selector)))\n_ _ _ _ _ _ _ _ _ _ _ _ _ _ _ _ _ _ _ _ _ _ _ _ _ _ _ _ _ _ _ _ _ _ _ _ _ _ _ _ \n\nself = <selenium.webdriver.support.wait.WebDriverWait (session=\"0487332cf977dcbe1495af8836f16377\")>\nmethod = <function presence_of_element_located.<locals>._predicate at 0x7f196aa08e50>\nmessage = ''\n\n    def until(self, method, message: str = \"\"):\n        \"\"\"Calls the method provided with the driver as an argument until the \\\n        return value does not evaluate to ``False``.\n    \n        :param method: callable(WebDriver)\n        :param message: optional message for :exc:`TimeoutException`\n        :returns: the result of the last call to `method`\n        :raises: :exc:`selenium.common.exceptions.TimeoutException` if timeout occurs\n        \"\"\"\n        screen = None\n        stacktrace = None\n    \n        end_time = time.monotonic() + self._timeout\n        while True:\n            try:\n                value = method(self._driver)\n                if value:\n                    return value\n            except self._ignored_exceptions as exc:\n                screen = getattr(exc, \"screen\", None)\n                stacktrace = getattr(exc, \"stacktrace\", None)\n            time.sleep(self._poll)\n            if time.monotonic() > end_time:\n                break\n>       raise TimeoutException(message, screen, stacktrace)\nE       selenium.common.exceptions.TimeoutException: Message: \nE       Stacktrace:\nE       #0 0x555b08e5cb73 <unknown>\nE       #1 0x555b08ba5416 <unknown>\nE       #2 0x555b08be1b4c <unknown>\nE       #3 0x555b08be1c81 <unknown>\nE       #4 0x555b08c1c024 <unknown>\nE       #5 0x555b08c0165d <unknown>\nE       #6 0x555b08c19b3e <unknown>\nE       #7 0x555b08c01403 <unknown>\nE       #8 0x555b08bd5f0a <unknown>\nE       #9 0x555b08bd6ffe <unknown>\nE       #10 0x555b08e1dc4e <unknown>\nE       #11 0x555b08e218f2 <unknown>\nE       #12 0x555b08e2a870 <unknown>\nE       #13 0x555b08e22933 <unknown>\nE       #14 0x555b08df675e <unknown>\nE       #15 0x555b08e44e48 <unknown>\nE       #16 0x555b08e44fd7 <unknown>\nE       #17 0x555b08e54e39 <unknown>\nE       #18 0x7fa34388bea7 start_thread\n\n/usr/local/lib/python3.9/site-packages/selenium/webdriver/support/wait.py:95: TimeoutException","steps":[],"attachments":[{"uid":"949e1bce2ee335ef","name":"Screenshot","source":"949e1bce2ee335ef.png","type":"image/png","size":39694}],"parameters":[],"shouldDisplayMessage":true,"stepsCount":0,"attachmentsCount":1,"hasContent":true},"afterStages":[{"name":"setup::0","time":{"start":1697023123258,"stop":1697023140163,"duration":16905},"status":"passed","steps":[],"attachments":[],"parameters":[],"shouldDisplayMessage":false,"stepsCount":0,"attachmentsCount":0,"hasContent":false}],"labels":[{"name":"suite","value":"test_07_token-validation"},{"name":"host","value":"42bc528f5c1e"},{"name":"thread","value":"6-MainThread"},{"name":"framework","value":"pytest"},{"name":"language","value":"cpython3"},{"name":"package","value":"test_07_token-validation"},{"name":"resultFormat","value":"allure2"}],"parameters":[],"links":[],"hidden":false,"retry":false,"extra":{"severity":"normal","retries":[],"categories":[{"name":"Test defects","matchedStatuses":[],"flaky":false}],"tags":[]},"source":"bf23f5b7ccac8acc.json","parameterValues":[]}