{"uid":"cc624c5f2196d78","name":"test_authToken","fullName":"test_07_token-validation#test_authToken","historyId":"65b3f9127b772ed6a46f6830bed8bb37","time":{"start":1697094045129,"stop":1697094122528,"duration":77399},"status":"broken","statusMessage":"selenium.common.exceptions.TimeoutException: Message: \nStacktrace:\n#0 0x55894f8d6b73 <unknown>\n#1 0x55894f61f416 <unknown>\n#2 0x55894f65bb4c <unknown>\n#3 0x55894f65bc81 <unknown>\n#4 0x55894f696024 <unknown>\n#5 0x55894f67b65d <unknown>\n#6 0x55894f693b3e <unknown>\n#7 0x55894f67b403 <unknown>\n#8 0x55894f64ff0a <unknown>\n#9 0x55894f650ffe <unknown>\n#10 0x55894f897c4e <unknown>\n#11 0x55894f89b8f2 <unknown>\n#12 0x55894f8a4870 <unknown>\n#13 0x55894f89c933 <unknown>\n#14 0x55894f87075e <unknown>\n#15 0x55894f8bee48 <unknown>\n#16 0x55894f8befd7 <unknown>\n#17 0x55894f8cee39 <unknown>\n#18 0x7f83ab8b5ea7 start_thread","statusTrace":"setup = <selenium.webdriver.chrome.webdriver.WebDriver (session=\"2adb324b75c079919250afc6db21f528\")>\nrequest = <FixtureRequest for <Function test_authToken>>\n\n    def test_authToken(setup, request):\n        driver = request.function.driver\n        server_name = request.function.server_name\n        targetHost = request.function.targetHost\n    \n        wait = WebDriverWait(driver, 15)\n    \n        def wait_for_element(by, selector):\n            element = wait.until(expected_conditions.presence_of_element_located((by, selector)))\n            return element\n    \n    \n        # Creating rule for access all requests\n        wait_for_element(By.XPATH, \"//a[@href='#/rules']\").click()\n        time.sleep(2)\n        wait_for_element(By.XPATH, \"//a[@href='#/rules/create']\").click()\n        wait_for_element(By.NAME, \"name\").send_keys(\"Access all rule-py\")\n        wait_for_element(By.ID, \"profile_id\").click()\n        time.sleep(2)\n        wait_for_element(By.XPATH, \"//li[contains(.,'qa_test')]\").click()\n        time.sleep(2)\n        wait_for_element(By.NAME, \"match.rules.path\").send_keys(\"/\")\n        element = wait_for_element(By.NAME, \"match.response.code\")\n        element.send_keys(Keys.END)\n        length = len(element.get_attribute(\"value\"))\n        element.send_keys(Keys.BACKSPACE * length)\n        element.send_keys(\"305\")\n        wait_for_element(By.NAME, \"match.response.redirect_uri\").send_keys(\"10.43.81.65:3009\")\n        driver.execute_script(\"window.scrollBy(0, document.body.scrollHeight);\")\n        wait_for_element(By.CSS_SELECTOR, \".MuiButton-sizeMedium\").click()\n    \n        # Creating rule for access request with /api\n        wait_for_element(By.XPATH, \"//a[@href='#/rules']\").click()\n        time.sleep(2)\n        wait_for_element(By.XPATH, \"//a[@href='#/rules/create']\").click()\n        time.sleep(2)\n        wait_for_element(By.NAME, \"name\").send_keys(\"Access api rule-py\")\n        wait_for_element(By.ID, \"profile_id\").click()\n        time.sleep(2)\n        wait_for_element(By.XPATH, \"//li[contains(.,'qa_test')]\").click()\n        time.sleep(2)\n        wait_for_element(By.NAME, \"match.rules.path\").send_keys(\"/api\")\n        time.sleep(2)\n        try:\n            wait_for_element(By.XPATH, \"//div[@id='match.rules.jwt_token_validation']\").click()\n        except:\n            driver.execute_script(\"arguments[0].scrollIntoView();\", wait_for_element(By.XPATH, \"//div[@id='match.rules.jwt_token_validation']\"))\n            wait.until(expected_conditions.element_to_be_clickable((By.XPATH, \"//div[@id='match.rules.jwt_token_validation']\"))).click()\n    \n        driver.execute_script(\"window.scrollBy(0, document.body.scrollHeight);\")\n        wait_for_element(By.XPATH, \"//li[normalize-space()='Cookie header validation']\").click()\n        wait_for_element(By.NAME, \"match.rules.jwt_token_validation_value\").send_keys(\"Authorization\")\n        tokenKey = os.environ.get('JWT_TOKEN_KEY')\n        wait_for_element(By.NAME, \"match.rules.jwt_token_validation_key\").send_keys(tokenKey)\n        element = wait_for_element(By.NAME, \"match.response.code\")\n        element.send_keys(Keys.END)\n        length = len(element.get_attribute(\"value\"))\n        element.send_keys(Keys.BACKSPACE * length)\n        element.send_keys(\"305\")\n        wait_for_element(By.NAME, \"match.response.redirect_uri\").send_keys(\"10.43.81.65:3009\")\n        driver.execute_script(\"window.scrollBy(0, document.body.scrollHeight);\")\n        wait_for_element(By.CSS_SELECTOR, \".MuiButton-sizeMedium\").click()\n        driver.refresh()\n    \n        # Apply both rules to the server\n        wait_for_element(By.XPATH, \"//a[@href='#/servers']\").click()\n        wait_for_element(By.ID, \"profile_id\").click()\n        time.sleep(2)\n        wait_for_element(By.XPATH, \"//li[contains(.,'qa_test')]\").click()\n        time.sleep(2)\n        wait_for_element(By.XPATH, f\"//td[contains(.,'{server_name}')]\").click()\n        wait_for_element(By.XPATH, \"//a[@id='tabheader-1']\").click()\n        wait_for_element(By.XPATH, \"//div[@id='rules']\").click()\n        time.sleep(2)\n        try:\n            wait_for_element(By.XPATH, \"//li[contains(.,'Access all rule-py')]\").click()\n        except:\n            driver.execute_script(\"arguments[0].scrollIntoView();\", wait_for_element(By.XPATH, \"//li[contains(.,'Access all rule-py')]\"))\n            wait.until(expected_conditions.element_to_be_clickable((By.XPATH, \"//li[contains(.,'Access all rule-py')]\"))).click()\n    \n        time.sleep(2)\n        driver.execute_script(\"arguments[0].scrollIntoView();\", wait_for_element(By.CSS_SELECTOR, \".button-add-match_cases\"))\n        wait.until(expected_conditions.element_to_be_clickable((By.CSS_SELECTOR, \".button-add-match_cases\"))).click()\n    \n    \n        time.sleep(2)\n        wait_for_element(By.XPATH, \"//div[@id='match_cases.0.statement']\").click()\n        try:\n            wait_for_element(By.XPATH, \"//li[contains(.,'Access api rule-py')]\").click()\n        except:\n            # Scroll to the element to make it visible\n            time.sleep(2)\n            driver.execute_script(\"arguments[0].scrollIntoView();\", wait_for_element(By.XPATH, \"//li[contains(.,'Access api rule-py')]\"))\n            # Wait for the element to be clickable\n            wait.until(expected_conditions.element_to_be_clickable((By.XPATH, \"//li[contains(.,'Access api rule-py')]\"))).click()\n    \n    \n        wait_for_element(By.XPATH, \"//div[@id='match_cases.0.condition']\").click()\n        time.sleep(2)\n        wait_for_element(By.XPATH, \"//li[contains(text(),'AND')]\").click()\n        driver.execute_script(\"window.scrollBy(0, document.body.scrollHeight);\")\n        time.sleep(2)\n        wait_for_element(By.XPATH, \"//button[normalize-space()='Save']\").click()\n        wait_for_element(By.XPATH, \"//a[@href='#/servers']\").click()\n        wait_for_element(By.XPATH, f\"//td[contains(.,'{server_name}')]\").click()\n        wait_for_element(By.XPATH, \"//a[@id='tabheader-1']\").click()\n        driver.refresh()\n        driver.back()\n        driver.execute_script(\"location.reload()\")\n    \n        # Clicking the sync API button\n        time.sleep(4)\n        sync_button = wait_for_element(By.XPATH, \"//button[@aria-label='Sync API Storage']\")\n        sync_button.click()\n        time.sleep(4)\n    \n        driver.delete_all_cookies()\n    \n    \n        # Accessing API without Authorization token in cookies\n        time.sleep(2)\n        driver.get(\"http://\"+server_name+\"/api/v2/sample-data.json\")\n        time.sleep(2)\n>       response1 = wait_for_element(By.XPATH, \"//h1[normalize-space()='Configuration not match!']\").text\n\ntest_07_token-validation.py:134: \n_ _ _ _ _ _ _ _ _ _ _ _ _ _ _ _ _ _ _ _ _ _ _ _ _ _ _ _ _ _ _ _ _ _ _ _ _ _ _ _ \ntest_07_token-validation.py:19: in wait_for_element\n    element = wait.until(expected_conditions.presence_of_element_located((by, selector)))\n_ _ _ _ _ _ _ _ _ _ _ _ _ _ _ _ _ _ _ _ _ _ _ _ _ _ _ _ _ _ _ _ _ _ _ _ _ _ _ _ \n\nself = <selenium.webdriver.support.wait.WebDriverWait (session=\"2adb324b75c079919250afc6db21f528\")>\nmethod = <function presence_of_element_located.<locals>._predicate at 0x7f30b42b3280>\nmessage = ''\n\n    def until(self, method, message: str = \"\"):\n        \"\"\"Calls the method provided with the driver as an argument until the \\\n        return value does not evaluate to ``False``.\n    \n        :param method: callable(WebDriver)\n        :param message: optional message for :exc:`TimeoutException`\n        :returns: the result of the last call to `method`\n        :raises: :exc:`selenium.common.exceptions.TimeoutException` if timeout occurs\n        \"\"\"\n        screen = None\n        stacktrace = None\n    \n        end_time = time.monotonic() + self._timeout\n        while True:\n            try:\n                value = method(self._driver)\n                if value:\n                    return value\n            except self._ignored_exceptions as exc:\n                screen = getattr(exc, \"screen\", None)\n                stacktrace = getattr(exc, \"stacktrace\", None)\n            time.sleep(self._poll)\n            if time.monotonic() > end_time:\n                break\n>       raise TimeoutException(message, screen, stacktrace)\nE       selenium.common.exceptions.TimeoutException: Message: \nE       Stacktrace:\nE       #0 0x55894f8d6b73 <unknown>\nE       #1 0x55894f61f416 <unknown>\nE       #2 0x55894f65bb4c <unknown>\nE       #3 0x55894f65bc81 <unknown>\nE       #4 0x55894f696024 <unknown>\nE       #5 0x55894f67b65d <unknown>\nE       #6 0x55894f693b3e <unknown>\nE       #7 0x55894f67b403 <unknown>\nE       #8 0x55894f64ff0a <unknown>\nE       #9 0x55894f650ffe <unknown>\nE       #10 0x55894f897c4e <unknown>\nE       #11 0x55894f89b8f2 <unknown>\nE       #12 0x55894f8a4870 <unknown>\nE       #13 0x55894f89c933 <unknown>\nE       #14 0x55894f87075e <unknown>\nE       #15 0x55894f8bee48 <unknown>\nE       #16 0x55894f8befd7 <unknown>\nE       #17 0x55894f8cee39 <unknown>\nE       #18 0x7f83ab8b5ea7 start_thread\n\n/usr/local/lib/python3.9/site-packages/selenium/webdriver/support/wait.py:95: TimeoutException","flaky":false,"newFailed":false,"newBroken":false,"newPassed":false,"retriesCount":0,"retriesStatusChange":false,"beforeStages":[{"name":"setup","time":{"start":1697094020385,"stop":1697094045127,"duration":24742},"status":"passed","steps":[],"attachments":[],"parameters":[],"shouldDisplayMessage":false,"stepsCount":0,"attachmentsCount":0,"hasContent":false}],"testStage":{"status":"broken","statusMessage":"selenium.common.exceptions.TimeoutException: Message: \nStacktrace:\n#0 0x55894f8d6b73 <unknown>\n#1 0x55894f61f416 <unknown>\n#2 0x55894f65bb4c <unknown>\n#3 0x55894f65bc81 <unknown>\n#4 0x55894f696024 <unknown>\n#5 0x55894f67b65d <unknown>\n#6 0x55894f693b3e <unknown>\n#7 0x55894f67b403 <unknown>\n#8 0x55894f64ff0a <unknown>\n#9 0x55894f650ffe <unknown>\n#10 0x55894f897c4e <unknown>\n#11 0x55894f89b8f2 <unknown>\n#12 0x55894f8a4870 <unknown>\n#13 0x55894f89c933 <unknown>\n#14 0x55894f87075e <unknown>\n#15 0x55894f8bee48 <unknown>\n#16 0x55894f8befd7 <unknown>\n#17 0x55894f8cee39 <unknown>\n#18 0x7f83ab8b5ea7 start_thread","statusTrace":"setup = <selenium.webdriver.chrome.webdriver.WebDriver (session=\"2adb324b75c079919250afc6db21f528\")>\nrequest = <FixtureRequest for <Function test_authToken>>\n\n    def test_authToken(setup, request):\n        driver = request.function.driver\n        server_name = request.function.server_name\n        targetHost = request.function.targetHost\n    \n        wait = WebDriverWait(driver, 15)\n    \n        def wait_for_element(by, selector):\n            element = wait.until(expected_conditions.presence_of_element_located((by, selector)))\n            return element\n    \n    \n        # Creating rule for access all requests\n        wait_for_element(By.XPATH, \"//a[@href='#/rules']\").click()\n        time.sleep(2)\n        wait_for_element(By.XPATH, \"//a[@href='#/rules/create']\").click()\n        wait_for_element(By.NAME, \"name\").send_keys(\"Access all rule-py\")\n        wait_for_element(By.ID, \"profile_id\").click()\n        time.sleep(2)\n        wait_for_element(By.XPATH, \"//li[contains(.,'qa_test')]\").click()\n        time.sleep(2)\n        wait_for_element(By.NAME, \"match.rules.path\").send_keys(\"/\")\n        element = wait_for_element(By.NAME, \"match.response.code\")\n        element.send_keys(Keys.END)\n        length = len(element.get_attribute(\"value\"))\n        element.send_keys(Keys.BACKSPACE * length)\n        element.send_keys(\"305\")\n        wait_for_element(By.NAME, \"match.response.redirect_uri\").send_keys(\"10.43.81.65:3009\")\n        driver.execute_script(\"window.scrollBy(0, document.body.scrollHeight);\")\n        wait_for_element(By.CSS_SELECTOR, \".MuiButton-sizeMedium\").click()\n    \n        # Creating rule for access request with /api\n        wait_for_element(By.XPATH, \"//a[@href='#/rules']\").click()\n        time.sleep(2)\n        wait_for_element(By.XPATH, \"//a[@href='#/rules/create']\").click()\n        time.sleep(2)\n        wait_for_element(By.NAME, \"name\").send_keys(\"Access api rule-py\")\n        wait_for_element(By.ID, \"profile_id\").click()\n        time.sleep(2)\n        wait_for_element(By.XPATH, \"//li[contains(.,'qa_test')]\").click()\n        time.sleep(2)\n        wait_for_element(By.NAME, \"match.rules.path\").send_keys(\"/api\")\n        time.sleep(2)\n        try:\n            wait_for_element(By.XPATH, \"//div[@id='match.rules.jwt_token_validation']\").click()\n        except:\n            driver.execute_script(\"arguments[0].scrollIntoView();\", wait_for_element(By.XPATH, \"//div[@id='match.rules.jwt_token_validation']\"))\n            wait.until(expected_conditions.element_to_be_clickable((By.XPATH, \"//div[@id='match.rules.jwt_token_validation']\"))).click()\n    \n        driver.execute_script(\"window.scrollBy(0, document.body.scrollHeight);\")\n        wait_for_element(By.XPATH, \"//li[normalize-space()='Cookie header validation']\").click()\n        wait_for_element(By.NAME, \"match.rules.jwt_token_validation_value\").send_keys(\"Authorization\")\n        tokenKey = os.environ.get('JWT_TOKEN_KEY')\n        wait_for_element(By.NAME, \"match.rules.jwt_token_validation_key\").send_keys(tokenKey)\n        element = wait_for_element(By.NAME, \"match.response.code\")\n        element.send_keys(Keys.END)\n        length = len(element.get_attribute(\"value\"))\n        element.send_keys(Keys.BACKSPACE * length)\n        element.send_keys(\"305\")\n        wait_for_element(By.NAME, \"match.response.redirect_uri\").send_keys(\"10.43.81.65:3009\")\n        driver.execute_script(\"window.scrollBy(0, document.body.scrollHeight);\")\n        wait_for_element(By.CSS_SELECTOR, \".MuiButton-sizeMedium\").click()\n        driver.refresh()\n    \n        # Apply both rules to the server\n        wait_for_element(By.XPATH, \"//a[@href='#/servers']\").click()\n        wait_for_element(By.ID, \"profile_id\").click()\n        time.sleep(2)\n        wait_for_element(By.XPATH, \"//li[contains(.,'qa_test')]\").click()\n        time.sleep(2)\n        wait_for_element(By.XPATH, f\"//td[contains(.,'{server_name}')]\").click()\n        wait_for_element(By.XPATH, \"//a[@id='tabheader-1']\").click()\n        wait_for_element(By.XPATH, \"//div[@id='rules']\").click()\n        time.sleep(2)\n        try:\n            wait_for_element(By.XPATH, \"//li[contains(.,'Access all rule-py')]\").click()\n        except:\n            driver.execute_script(\"arguments[0].scrollIntoView();\", wait_for_element(By.XPATH, \"//li[contains(.,'Access all rule-py')]\"))\n            wait.until(expected_conditions.element_to_be_clickable((By.XPATH, \"//li[contains(.,'Access all rule-py')]\"))).click()\n    \n        time.sleep(2)\n        driver.execute_script(\"arguments[0].scrollIntoView();\", wait_for_element(By.CSS_SELECTOR, \".button-add-match_cases\"))\n        wait.until(expected_conditions.element_to_be_clickable((By.CSS_SELECTOR, \".button-add-match_cases\"))).click()\n    \n    \n        time.sleep(2)\n        wait_for_element(By.XPATH, \"//div[@id='match_cases.0.statement']\").click()\n        try:\n            wait_for_element(By.XPATH, \"//li[contains(.,'Access api rule-py')]\").click()\n        except:\n            # Scroll to the element to make it visible\n            time.sleep(2)\n            driver.execute_script(\"arguments[0].scrollIntoView();\", wait_for_element(By.XPATH, \"//li[contains(.,'Access api rule-py')]\"))\n            # Wait for the element to be clickable\n            wait.until(expected_conditions.element_to_be_clickable((By.XPATH, \"//li[contains(.,'Access api rule-py')]\"))).click()\n    \n    \n        wait_for_element(By.XPATH, \"//div[@id='match_cases.0.condition']\").click()\n        time.sleep(2)\n        wait_for_element(By.XPATH, \"//li[contains(text(),'AND')]\").click()\n        driver.execute_script(\"window.scrollBy(0, document.body.scrollHeight);\")\n        time.sleep(2)\n        wait_for_element(By.XPATH, \"//button[normalize-space()='Save']\").click()\n        wait_for_element(By.XPATH, \"//a[@href='#/servers']\").click()\n        wait_for_element(By.XPATH, f\"//td[contains(.,'{server_name}')]\").click()\n        wait_for_element(By.XPATH, \"//a[@id='tabheader-1']\").click()\n        driver.refresh()\n        driver.back()\n        driver.execute_script(\"location.reload()\")\n    \n        # Clicking the sync API button\n        time.sleep(4)\n        sync_button = wait_for_element(By.XPATH, \"//button[@aria-label='Sync API Storage']\")\n        sync_button.click()\n        time.sleep(4)\n    \n        driver.delete_all_cookies()\n    \n    \n        # Accessing API without Authorization token in cookies\n        time.sleep(2)\n        driver.get(\"http://\"+server_name+\"/api/v2/sample-data.json\")\n        time.sleep(2)\n>       response1 = wait_for_element(By.XPATH, \"//h1[normalize-space()='Configuration not match!']\").text\n\ntest_07_token-validation.py:134: \n_ _ _ _ _ _ _ _ _ _ _ _ _ _ _ _ _ _ _ _ _ _ _ _ _ _ _ _ _ _ _ _ _ _ _ _ _ _ _ _ \ntest_07_token-validation.py:19: in wait_for_element\n    element = wait.until(expected_conditions.presence_of_element_located((by, selector)))\n_ _ _ _ _ _ _ _ _ _ _ _ _ _ _ _ _ _ _ _ _ _ _ _ _ _ _ _ _ _ _ _ _ _ _ _ _ _ _ _ \n\nself = <selenium.webdriver.support.wait.WebDriverWait (session=\"2adb324b75c079919250afc6db21f528\")>\nmethod = <function presence_of_element_located.<locals>._predicate at 0x7f30b42b3280>\nmessage = ''\n\n    def until(self, method, message: str = \"\"):\n        \"\"\"Calls the method provided with the driver as an argument until the \\\n        return value does not evaluate to ``False``.\n    \n        :param method: callable(WebDriver)\n        :param message: optional message for :exc:`TimeoutException`\n        :returns: the result of the last call to `method`\n        :raises: :exc:`selenium.common.exceptions.TimeoutException` if timeout occurs\n        \"\"\"\n        screen = None\n        stacktrace = None\n    \n        end_time = time.monotonic() + self._timeout\n        while True:\n            try:\n                value = method(self._driver)\n                if value:\n                    return value\n            except self._ignored_exceptions as exc:\n                screen = getattr(exc, \"screen\", None)\n                stacktrace = getattr(exc, \"stacktrace\", None)\n            time.sleep(self._poll)\n            if time.monotonic() > end_time:\n                break\n>       raise TimeoutException(message, screen, stacktrace)\nE       selenium.common.exceptions.TimeoutException: Message: \nE       Stacktrace:\nE       #0 0x55894f8d6b73 <unknown>\nE       #1 0x55894f61f416 <unknown>\nE       #2 0x55894f65bb4c <unknown>\nE       #3 0x55894f65bc81 <unknown>\nE       #4 0x55894f696024 <unknown>\nE       #5 0x55894f67b65d <unknown>\nE       #6 0x55894f693b3e <unknown>\nE       #7 0x55894f67b403 <unknown>\nE       #8 0x55894f64ff0a <unknown>\nE       #9 0x55894f650ffe <unknown>\nE       #10 0x55894f897c4e <unknown>\nE       #11 0x55894f89b8f2 <unknown>\nE       #12 0x55894f8a4870 <unknown>\nE       #13 0x55894f89c933 <unknown>\nE       #14 0x55894f87075e <unknown>\nE       #15 0x55894f8bee48 <unknown>\nE       #16 0x55894f8befd7 <unknown>\nE       #17 0x55894f8cee39 <unknown>\nE       #18 0x7f83ab8b5ea7 start_thread\n\n/usr/local/lib/python3.9/site-packages/selenium/webdriver/support/wait.py:95: TimeoutException","steps":[],"attachments":[{"uid":"e743b6efb5b9ff93","name":"Screenshot","source":"e743b6efb5b9ff93.png","type":"image/png","size":40975}],"parameters":[],"shouldDisplayMessage":true,"stepsCount":0,"attachmentsCount":1,"hasContent":true},"afterStages":[{"name":"setup::0","time":{"start":1697094141879,"stop":1697094159029,"duration":17150},"status":"passed","steps":[],"attachments":[],"parameters":[],"shouldDisplayMessage":false,"stepsCount":0,"attachmentsCount":0,"hasContent":false}],"labels":[{"name":"suite","value":"test_07_token-validation"},{"name":"host","value":"61bc37d794c1"},{"name":"thread","value":"7-MainThread"},{"name":"framework","value":"pytest"},{"name":"language","value":"cpython3"},{"name":"package","value":"test_07_token-validation"},{"name":"resultFormat","value":"allure2"}],"parameters":[],"links":[],"hidden":false,"retry":false,"extra":{"severity":"normal","retries":[],"categories":[{"name":"Test defects","matchedStatuses":[],"flaky":false}],"tags":[]},"source":"cc624c5f2196d78.json","parameterValues":[]}